<?xml version="1.0" encoding="UTF-8"?>
<!-- Generated by org.testng.reporters.JUnitXMLReporter -->
<testsuite ignored="0" hostname="Harshs-MacBook-Air.local" failures="10" tests="10" name="Default test" time="0.345" errors="0" timestamp="2025-10-18T20:16:07 IST">
  <testcase classname="io.cucumber.testng.AbstractTestNGCucumberTests" name="runScenario" time="0.048">
    <failure type="java.lang.NullPointerException" message="Cannot invoke &amp;quot;org.openqa.selenium.WebDriver.get(String)&amp;quot; because the return value of &amp;quot;utils.WebDriverFactory.getDriver()&amp;quot; is null">
      <![CDATA[java.lang.NullPointerException: Cannot invoke "org.openqa.selenium.WebDriver.get(String)" because the return value of "utils.WebDriverFactory.getDriver()" is null
at stepDefinitons.CommonSteps.user_is_on_automationexercise_com_page(CommonSteps.java:15)
at ✽.user is on automationexercise.com page(file:///Users/harshrajsingh/eclipse-workspace/R1/src/test/java/features/Cart.feature:4)
]]>
    </failure>
  </testcase> <!-- runScenario -->
  <testcase classname="io.cucumber.testng.AbstractTestNGCucumberTests" name="runScenario" time="0.005">
    <failure type="java.lang.NullPointerException" message="Cannot invoke &amp;quot;org.openqa.selenium.WebDriver.get(String)&amp;quot; because the return value of &amp;quot;utils.WebDriverFactory.getDriver()&amp;quot; is null">
      <![CDATA[java.lang.NullPointerException: Cannot invoke "org.openqa.selenium.WebDriver.get(String)" because the return value of "utils.WebDriverFactory.getDriver()" is null
at stepDefinitons.CommonSteps.user_is_on_automationexercise_com_page(CommonSteps.java:15)
at ✽.user is on automationexercise.com page(file:///Users/harshrajsingh/eclipse-workspace/R1/src/test/java/features/Cart.feature:4)
]]>
    </failure>
  </testcase> <!-- runScenario -->
  <testcase classname="io.cucumber.testng.AbstractTestNGCucumberTests" name="runScenario" time="0.005">
    <failure type="java.lang.NullPointerException" message="Cannot invoke &amp;quot;org.openqa.selenium.WebDriver.get(String)&amp;quot; because the return value of &amp;quot;utils.WebDriverFactory.getDriver()&amp;quot; is null">
      <![CDATA[java.lang.NullPointerException: Cannot invoke "org.openqa.selenium.WebDriver.get(String)" because the return value of "utils.WebDriverFactory.getDriver()" is null
at stepDefinitons.CommonSteps.user_is_on_automationexercise_com_page(CommonSteps.java:15)
at ✽.user is on automationexercise.com page(file:///Users/harshrajsingh/eclipse-workspace/R1/src/test/java/features/ContactUs.feature:4)
]]>
    </failure>
  </testcase> <!-- runScenario -->
  <testcase classname="io.cucumber.testng.AbstractTestNGCucumberTests" name="runScenario" time="0.003">
    <failure type="java.lang.NullPointerException" message="Cannot invoke &amp;quot;org.openqa.selenium.WebDriver.get(String)&amp;quot; because the return value of &amp;quot;utils.WebDriverFactory.getDriver()&amp;quot; is null">
      <![CDATA[java.lang.NullPointerException: Cannot invoke "org.openqa.selenium.WebDriver.get(String)" because the return value of "utils.WebDriverFactory.getDriver()" is null
at stepDefinitons.CommonSteps.user_is_on_automationexercise_com_page(CommonSteps.java:15)
at ✽.user is on automationexercise.com page(file:///Users/harshrajsingh/eclipse-workspace/R1/src/test/java/features/Product.feature:4)
]]>
    </failure>
  </testcase> <!-- runScenario -->
  <testcase classname="io.cucumber.testng.AbstractTestNGCucumberTests" name="runScenario" time="0.003">
    <failure type="java.lang.NullPointerException" message="Cannot invoke &amp;quot;org.openqa.selenium.WebDriver.get(String)&amp;quot; because the return value of &amp;quot;utils.WebDriverFactory.getDriver()&amp;quot; is null">
      <![CDATA[java.lang.NullPointerException: Cannot invoke "org.openqa.selenium.WebDriver.get(String)" because the return value of "utils.WebDriverFactory.getDriver()" is null
at stepDefinitons.CommonSteps.user_is_on_automationexercise_com_page(CommonSteps.java:15)
at ✽.user is on automationexercise.com page(file:///Users/harshrajsingh/eclipse-workspace/R1/src/test/java/features/Product.feature:4)
]]>
    </failure>
  </testcase> <!-- runScenario -->
  <testcase classname="io.cucumber.testng.AbstractTestNGCucumberTests" name="runScenario" time="0.002">
    <failure type="java.lang.NullPointerException" message="Cannot invoke &amp;quot;org.openqa.selenium.WebDriver.get(String)&amp;quot; because the return value of &amp;quot;utils.WebDriverFactory.getDriver()&amp;quot; is null">
      <![CDATA[java.lang.NullPointerException: Cannot invoke "org.openqa.selenium.WebDriver.get(String)" because the return value of "utils.WebDriverFactory.getDriver()" is null
at stepDefinitons.CommonSteps.user_is_on_automationexercise_com_page(CommonSteps.java:15)
at ✽.user is on automationexercise.com page(file:///Users/harshrajsingh/eclipse-workspace/R1/src/test/java/features/login.feature:4)
]]>
    </failure>
  </testcase> <!-- runScenario -->
  <testcase classname="io.cucumber.testng.AbstractTestNGCucumberTests" name="runScenario" time="0.003">
    <failure type="java.lang.NullPointerException" message="Cannot invoke &amp;quot;org.openqa.selenium.WebDriver.get(String)&amp;quot; because the return value of &amp;quot;utils.WebDriverFactory.getDriver()&amp;quot; is null">
      <![CDATA[java.lang.NullPointerException: Cannot invoke "org.openqa.selenium.WebDriver.get(String)" because the return value of "utils.WebDriverFactory.getDriver()" is null
at stepDefinitons.CommonSteps.user_is_on_automationexercise_com_page(CommonSteps.java:15)
at ✽.user is on automationexercise.com page(file:///Users/harshrajsingh/eclipse-workspace/R1/src/test/java/features/login.feature:4)
]]>
    </failure>
  </testcase> <!-- runScenario -->
  <testcase classname="io.cucumber.testng.AbstractTestNGCucumberTests" name="runScenario" time="0.004">
    <failure type="java.lang.NullPointerException" message="Cannot invoke &amp;quot;org.openqa.selenium.WebDriver.get(String)&amp;quot; because the return value of &amp;quot;utils.WebDriverFactory.getDriver()&amp;quot; is null">
      <![CDATA[java.lang.NullPointerException: Cannot invoke "org.openqa.selenium.WebDriver.get(String)" because the return value of "utils.WebDriverFactory.getDriver()" is null
at stepDefinitons.CommonSteps.user_is_on_automationexercise_com_page(CommonSteps.java:15)
at ✽.user is on automationexercise.com page(file:///Users/harshrajsingh/eclipse-workspace/R1/src/test/java/features/login.feature:4)
]]>
    </failure>
  </testcase> <!-- runScenario -->
  <testcase classname="io.cucumber.testng.AbstractTestNGCucumberTests" name="runScenario" time="0.002">
    <failure type="java.lang.NullPointerException" message="Cannot invoke &amp;quot;org.openqa.selenium.WebDriver.get(String)&amp;quot; because the return value of &amp;quot;utils.WebDriverFactory.getDriver()&amp;quot; is null">
      <![CDATA[java.lang.NullPointerException: Cannot invoke "org.openqa.selenium.WebDriver.get(String)" because the return value of "utils.WebDriverFactory.getDriver()" is null
at stepDefinitons.CommonSteps.user_is_on_automationexercise_com_page(CommonSteps.java:15)
at ✽.user is on automationexercise.com page(file:///Users/harshrajsingh/eclipse-workspace/R1/src/test/java/features/login.feature:4)
]]>
    </failure>
  </testcase> <!-- runScenario -->
  <testcase classname="io.cucumber.testng.AbstractTestNGCucumberTests" name="runScenario" time="0.002">
    <failure type="java.lang.NullPointerException" message="Cannot invoke &amp;quot;org.openqa.selenium.WebDriver.get(String)&amp;quot; because the return value of &amp;quot;utils.WebDriverFactory.getDriver()&amp;quot; is null">
      <![CDATA[java.lang.NullPointerException: Cannot invoke "org.openqa.selenium.WebDriver.get(String)" because the return value of "utils.WebDriverFactory.getDriver()" is null
at stepDefinitons.CommonSteps.user_is_on_automationexercise_com_page(CommonSteps.java:15)
at ✽.user is on automationexercise.com page(file:///Users/harshrajsingh/eclipse-workspace/R1/src/test/java/features/login.feature:4)
]]>
    </failure>
  </testcase> <!-- runScenario -->
</testsuite> <!-- Default test -->
